!
!=
%
&
&terminal-init-hook
*
*more*
+
-
/
<
<<
<=
=
>
>=
>>
Apropos
Describe-bindings
ESC-prefix                    (ESC)
List-buffers
Minibuf-local-NS-map
Minibuf-local-map
^
^X-prefix                     (^X)
abbrev-expansion
append-region-to-buffer
append-to-file
apropos                       (ESC-?)
arg
argc
argument-prefix               (^U)
argv
auto-execute
autoload
backup-line
backward-balanced-paren-line
backward-character            (^B, ESC-[-D)
backward-paragraph
backward-paren
backward-sentence             (ESC-a)
backward-word                 (ESC-b)
baud-rate
beginning-of-file             (ESC-<)
beginning-of-line             (^A)
beginning-of-window           (ESC-,)
bind-to-key
bobp
bolp
broadcast-text
broadcast-trap
buffer-size
c-mode
c=
capitalize-word               (ESC-O-s)
case-region-capitalize
case-region-invert            (ESC-^^)
case-region-lower
case-region-upper
case-word-capitalize
case-word-invert              (ESC-^)
case-word-lower
case-word-upper               (ESC-U)
cd
center-line
change-directory
char-to-string
checkpoint
concat
copy-region-to-buffer
current-buffer-name
current-column
current-file-name
current-indent
current-line
current-time
declare-buffer-specific
declare-global
default-global-keymap
define-buffer-macro
define-global-abbrev
define-hooked-global-abbrev
define-hooked-local-abbrev
define-keyboard-macro
define-keymap
define-local-abbrev
define-string-macro
defun
delete-buffer
delete-next-character         (^D)
delete-next-word              (ESC-d)
delete-other-windows          (^X-1)
delete-previous-character     (^H, ^?)
delete-previous-word          (ESC-h)
delete-region-to-buffer       (ESC-^W)
delete-to-killbuffer          (^W)
delete-white-space
delete-window                 (^X-d)
describe-aiword
describe-bindings
describe-command
describe-key                  (ESC-O-y)
describe-variable
describe-word-in-buffer       (^X-^D)
digit                         (0..9)
ding
display-time
dot
dot-is-visible
dump-stack-trace
dump-syntax-table
edit-macro
emacs-version
end-of-file                   (ESC->)
end-of-line                   (^E)
end-of-window                 (ESC-.)
enlarge-window                (^X-z)
eobp
eolp
erase-buffer
erase-region
error-message
error-occured
error-occurred
exchange-dot-and-mark         (^X-^X)
execute-dcl-command
execute-extended-command      (ESC-x)
execute-keyboard-macro        (^X-e, ESC-O-m)
execute-mlisp-buffer
execute-mlisp-file
execute-mlisp-line            (ESC-ESC)
execute-monitor-command       (^X-!)
exit-emacs                    (^C, ^X-^C, ESC-^C)
expand-file-name
expand-mlisp-variable
expand-mlisp-word
extend-database-search-list
fetch-database-entry
file-exists
filter-region
following-char
forward-balanced-paren-line
forward-character             (^F, ESC-[-C)
forward-line
forward-paragraph             (ESC-])
forward-paren
forward-sentence              (ESC-e)
forward-word                  (ESC-f)
get-tty-buffer
get-tty-character
get-tty-command
get-tty-string
get-tty-variable
getenv
global-binding-of
goto-character
goto-line
goto-mark
if
illegal-operation             (^G)
info
insert-character
insert-file                   (^X-^I)
insert-line
insert-string
interactive
is-bound
justify-paragraph             (ESC-j)
kill-line
kill-process
kill-to-beginning-of-file     (ESC-^H)
kill-to-beginning-of-line     (ESC-^?)
kill-to-end-of-file           (ESC-k)
kill-to-end-of-line           (^K)
last-key-struck
lc
learn
length
line-to-top-of-window         (ESC-!)
lisp-mode
list-buffers                  (^X-^B)
list-databases
list-processes
load
load-current-file
local-bind-to-key
local-binding-of
looking-at
lowercase-word                (ESC-l)
manual-entry
mark
message
meta-digit                    (ESC-0..ESC-9)
meta-minus                    (ESC--)
minus                         (-)
modify-syntax-entry
move-dot-to-x-y
move-to-comment-column
nargs
narrow-region
newline                       (^M)
newline-and-backup            (^O)
newline-and-indent            (^J)
next-error                    (^X-^N)
next-line                     (^N, ESC-[-B)
next-page                     (^V, ESC-O-t)
next-window                   (^X-n)
normal-mode
nothing
novalue
page-next-window              (ESC-^V, ESC-O-v)
parse-error-messages-in-region
pause-emacs
pop-to-buffer
preceding-char
prefix-argument-loop
prepend-region-to-buffer
previous-command
previous-line                 (^P, ESC-[-A)
previous-page                 (ESC-O-u, ESC-v)
previous-window               (^X-p)
print
process-id
process-output
process-status
progn
provide-prefix-argument
push-back-character
put-database-entry
pwd
query-replace-string          (ESC-q)
quietly-read-abbrev-file
quote
quote-character               (^Q, ESC-O-l)
re-query-replace-string
re-replace-string
re-search-forward
re-search-reverse
read-abbrev-file
read-current-file
read-file                     (^X-^R)
recursion-depth
recursive-edit
redraw-display                (^L)
region-around-match
region-to-process
region-to-string
remove-all-local-bindings
remove-binding
remove-local-binding
rename-mlisp-procedure
replace-string                (ESC-r)
resume-process
return-prefix-argument
return-to-dcl                 (ESC-O-M)
rmail                         (^X-r)
save-excursion
save-restriction
save-window-excursion
scroll-one-line-down          (ESC-O-r, ESC-z)
scroll-one-line-up            (^Z, ESC-O-q)
search-again-f                (ESC-O-P)
search-again-r                (ESC-O-Q)
search-forward                (^S, ESC-O-S)
search-reverse                (^R, ESC-O-R)
self-insert                   (^I,  ..,, .../, :..~)
self-insert-and-exit
send-string-to-terminal
set
set-auto-fill-hook
set-broadcast-trap
set-default
set-gag
set-mark                      (^@, ESC-O-n)
setenv
setq
setq-default
shell
shrink-window                 (^X-^Z)
sit-for
smail                         (^X-m)
split-current-window          (^X-2)
split-visit-file
start-filtered-process
start-process
start-remembering             (^X-(, ESC-O-w)
stop-remembering              (^X-), ESC-O-x)
string-to-char
string-to-process
substr
suspend-process
switch-to-buffer              (^X-b)
system-name
temp-use-buffer
test-abbrev-expand
text-mode                     (ESC-t)
to-col
transpose-characters          (^T)
undo                          (^X-^U)
undo-boundary
undo-more
unlink-file
uppercase-word                (ESC-u)
use-abbrev-table
use-global-map
use-local-map
use-old-buffer                (^X-^O)
use-syntax-table
users-full-name
users-login-name
view-buffer
visit-file                    (^X-^V)
vt100-com
what-cursor-position          (^X-=)
while
widen-region
window-height
working-directory
write-abbrev-file
write-current-file            (^X-^S, ESC-O-p)
write-current-file-exit       (^X-^F)
write-file-exit
write-modified-files          (^X-^M)
write-named-file              (^X-^W)
yank-buffer                   (ESC-^Y)
yank-from-killbuffer          (^Y)
|
